0 info it worked if it ends with ok
1 verbose cli [ '/usr/bin/node', '/usr/bin/npm', 'install' ]
2 info using npm@1.4.28
3 info using node@v0.10.33
4 verbose node symlink /usr/bin/node
5 warn package.json html5-boilerplate@0.0.0 No description
6 warn package.json html5-boilerplate@0.0.0 No repository field.
7 warn package.json html5-boilerplate@0.0.0 No README data
8 verbose readDependencies using package.json deps
9 verbose install where, deps [ '/home/jakob/Skoli/Graffisk/Loka/infographic/html5-boilerplate',
9 verbose install   [ 'grunt',
9 verbose install     'grunt-contrib-watch',
9 verbose install     'grunt-contrib-jshint',
9 verbose install     'grunt-contrib-qunit' ] ]
10 info preinstall html5-boilerplate@0.0.0
11 verbose readDependencies using package.json deps
12 verbose cache add [ 'grunt@~0.4.2', null ]
13 verbose cache add name=undefined spec="grunt@~0.4.2" args=["grunt@~0.4.2",null]
14 verbose parsed url { protocol: null,
14 verbose parsed url   slashes: null,
14 verbose parsed url   auth: null,
14 verbose parsed url   host: null,
14 verbose parsed url   port: null,
14 verbose parsed url   hostname: null,
14 verbose parsed url   hash: null,
14 verbose parsed url   search: null,
14 verbose parsed url   query: null,
14 verbose parsed url   pathname: 'grunt@~0.4.2',
14 verbose parsed url   path: 'grunt@~0.4.2',
14 verbose parsed url   href: 'grunt@~0.4.2' }
15 verbose cache add [ 'grunt-contrib-watch@~0.5.3', null ]
16 verbose cache add name=undefined spec="grunt-contrib-watch@~0.5.3" args=["grunt-contrib-watch@~0.5.3",null]
17 verbose parsed url { protocol: null,
17 verbose parsed url   slashes: null,
17 verbose parsed url   auth: null,
17 verbose parsed url   host: null,
17 verbose parsed url   port: null,
17 verbose parsed url   hostname: null,
17 verbose parsed url   hash: null,
17 verbose parsed url   search: null,
17 verbose parsed url   query: null,
17 verbose parsed url   pathname: 'grunt-contrib-watch@~0.5.3',
17 verbose parsed url   path: 'grunt-contrib-watch@~0.5.3',
17 verbose parsed url   href: 'grunt-contrib-watch@~0.5.3' }
18 verbose cache add [ 'grunt-contrib-jshint@~0.7.2', null ]
19 verbose cache add name=undefined spec="grunt-contrib-jshint@~0.7.2" args=["grunt-contrib-jshint@~0.7.2",null]
20 verbose parsed url { protocol: null,
20 verbose parsed url   slashes: null,
20 verbose parsed url   auth: null,
20 verbose parsed url   host: null,
20 verbose parsed url   port: null,
20 verbose parsed url   hostname: null,
20 verbose parsed url   hash: null,
20 verbose parsed url   search: null,
20 verbose parsed url   query: null,
20 verbose parsed url   pathname: 'grunt-contrib-jshint@~0.7.2',
20 verbose parsed url   path: 'grunt-contrib-jshint@~0.7.2',
20 verbose parsed url   href: 'grunt-contrib-jshint@~0.7.2' }
21 verbose cache add [ 'grunt-contrib-qunit@*', null ]
22 verbose cache add name=undefined spec="grunt-contrib-qunit@*" args=["grunt-contrib-qunit@*",null]
23 verbose parsed url { protocol: null,
23 verbose parsed url   slashes: null,
23 verbose parsed url   auth: null,
23 verbose parsed url   host: null,
23 verbose parsed url   port: null,
23 verbose parsed url   hostname: null,
23 verbose parsed url   hash: null,
23 verbose parsed url   search: null,
23 verbose parsed url   query: null,
23 verbose parsed url   pathname: 'grunt-contrib-qunit@*',
23 verbose parsed url   path: 'grunt-contrib-qunit@*',
23 verbose parsed url   href: 'grunt-contrib-qunit@*' }
24 verbose cache add name="grunt" spec="~0.4.2" args=["grunt","~0.4.2"]
25 verbose parsed url { protocol: null,
25 verbose parsed url   slashes: null,
25 verbose parsed url   auth: null,
25 verbose parsed url   host: null,
25 verbose parsed url   port: null,
25 verbose parsed url   hostname: null,
25 verbose parsed url   hash: null,
25 verbose parsed url   search: null,
25 verbose parsed url   query: null,
25 verbose parsed url   pathname: '~0.4.2',
25 verbose parsed url   path: '~0.4.2',
25 verbose parsed url   href: '~0.4.2' }
26 verbose addNamed [ 'grunt', '~0.4.2' ]
27 verbose addNamed [ null, '>=0.4.2-0 <0.5.0-0' ]
28 verbose cache add name="grunt-contrib-watch" spec="~0.5.3" args=["grunt-contrib-watch","~0.5.3"]
29 verbose parsed url { protocol: null,
29 verbose parsed url   slashes: null,
29 verbose parsed url   auth: null,
29 verbose parsed url   host: null,
29 verbose parsed url   port: null,
29 verbose parsed url   hostname: null,
29 verbose parsed url   hash: null,
29 verbose parsed url   search: null,
29 verbose parsed url   query: null,
29 verbose parsed url   pathname: '~0.5.3',
29 verbose parsed url   path: '~0.5.3',
29 verbose parsed url   href: '~0.5.3' }
30 verbose addNamed [ 'grunt-contrib-watch', '~0.5.3' ]
31 verbose addNamed [ null, '>=0.5.3-0 <0.6.0-0' ]
32 verbose cache add name="grunt-contrib-jshint" spec="~0.7.2" args=["grunt-contrib-jshint","~0.7.2"]
33 verbose parsed url { protocol: null,
33 verbose parsed url   slashes: null,
33 verbose parsed url   auth: null,
33 verbose parsed url   host: null,
33 verbose parsed url   port: null,
33 verbose parsed url   hostname: null,
33 verbose parsed url   hash: null,
33 verbose parsed url   search: null,
33 verbose parsed url   query: null,
33 verbose parsed url   pathname: '~0.7.2',
33 verbose parsed url   path: '~0.7.2',
33 verbose parsed url   href: '~0.7.2' }
34 verbose addNamed [ 'grunt-contrib-jshint', '~0.7.2' ]
35 verbose addNamed [ null, '>=0.7.2-0 <0.8.0-0' ]
36 verbose cache add name="grunt-contrib-qunit" spec="*" args=["grunt-contrib-qunit","*"]
37 verbose parsed url { protocol: null,
37 verbose parsed url   slashes: null,
37 verbose parsed url   auth: null,
37 verbose parsed url   host: null,
37 verbose parsed url   port: null,
37 verbose parsed url   hostname: null,
37 verbose parsed url   hash: null,
37 verbose parsed url   search: null,
37 verbose parsed url   query: null,
37 verbose parsed url   pathname: '*',
37 verbose parsed url   path: '*',
37 verbose parsed url   href: '*' }
38 verbose addNamed [ 'grunt-contrib-qunit', '*' ]
39 verbose addNamed [ null, '*' ]
40 silly lockFile 73260332-grunt-0-4-2 grunt@~0.4.2
41 verbose lock grunt@~0.4.2 /home/jakob/.npm/73260332-grunt-0-4-2.lock
42 silly lockFile b469febc-grunt-contrib-watch-0-5-3 grunt-contrib-watch@~0.5.3
43 verbose lock grunt-contrib-watch@~0.5.3 /home/jakob/.npm/b469febc-grunt-contrib-watch-0-5-3.lock
44 silly lockFile 31601194-grunt-contrib-jshint-0-7-2 grunt-contrib-jshint@~0.7.2
45 verbose lock grunt-contrib-jshint@~0.7.2 /home/jakob/.npm/31601194-grunt-contrib-jshint-0-7-2.lock
46 silly lockFile c43571c7-grunt-contrib-qunit grunt-contrib-qunit@*
47 verbose lock grunt-contrib-qunit@* /home/jakob/.npm/c43571c7-grunt-contrib-qunit.lock
48 silly addNameRange { name: 'grunt', range: '>=0.4.2-0 <0.5.0-0', hasData: false }
49 silly addNameRange { name: 'grunt-contrib-jshint',
49 silly addNameRange   range: '>=0.7.2-0 <0.8.0-0',
49 silly addNameRange   hasData: false }
50 silly addNameRange { name: 'grunt-contrib-watch',
50 silly addNameRange   range: '>=0.5.3-0 <0.6.0-0',
50 silly addNameRange   hasData: false }
51 silly addNameRange { name: 'grunt-contrib-qunit', range: '*', hasData: false }
52 verbose request where is /grunt-contrib-qunit
53 verbose request registry https://registry.npmjs.org/
54 verbose request id 5b72b6d06c089068
55 verbose url raw /grunt-contrib-qunit
56 verbose url resolving [ 'https://registry.npmjs.org/', './grunt-contrib-qunit' ]
57 verbose url resolved https://registry.npmjs.org/grunt-contrib-qunit
58 verbose request where is https://registry.npmjs.org/grunt-contrib-qunit
59 info trying registry request attempt 1 at 10:42:12
60 http GET https://registry.npmjs.org/grunt-contrib-qunit
61 verbose request where is /grunt
62 verbose request registry https://registry.npmjs.org/
63 verbose url raw /grunt
64 verbose url resolving [ 'https://registry.npmjs.org/', './grunt' ]
65 verbose url resolved https://registry.npmjs.org/grunt
66 verbose request where is https://registry.npmjs.org/grunt
67 info trying registry request attempt 1 at 10:42:12
68 verbose etag "TX9A3C4S1HIA59DEZ9GNFMOG"
69 http GET https://registry.npmjs.org/grunt
70 verbose request where is /grunt-contrib-watch
71 verbose request registry https://registry.npmjs.org/
72 verbose url raw /grunt-contrib-watch
73 verbose url resolving [ 'https://registry.npmjs.org/', './grunt-contrib-watch' ]
74 verbose url resolved https://registry.npmjs.org/grunt-contrib-watch
75 verbose request where is https://registry.npmjs.org/grunt-contrib-watch
76 info trying registry request attempt 1 at 10:42:12
77 verbose etag "95HYAJRDZDU0TVHJDBNCA545U"
78 http GET https://registry.npmjs.org/grunt-contrib-watch
79 verbose request where is /grunt-contrib-jshint
80 verbose request registry https://registry.npmjs.org/
81 verbose url raw /grunt-contrib-jshint
82 verbose url resolving [ 'https://registry.npmjs.org/', './grunt-contrib-jshint' ]
83 verbose url resolved https://registry.npmjs.org/grunt-contrib-jshint
84 verbose request where is https://registry.npmjs.org/grunt-contrib-jshint
85 info trying registry request attempt 1 at 10:42:12
86 verbose etag "8UURE7VZH559JA4RP9QV207MU"
87 http GET https://registry.npmjs.org/grunt-contrib-jshint
88 http 304 https://registry.npmjs.org/grunt
89 silly registry.get cb [ 304,
89 silly registry.get   { date: 'Fri, 20 Mar 2015 10:42:12 GMT',
89 silly registry.get     server: 'Apache',
89 silly registry.get     via: '1.1 varnish',
89 silly registry.get     'last-modified': 'Fri, 20 Mar 2015 10:42:12 GMT',
89 silly registry.get     'cache-control': 'max-age=60',
89 silly registry.get     etag: '"TX9A3C4S1HIA59DEZ9GNFMOG"',
89 silly registry.get     age: '12',
89 silly registry.get     'x-served-by': 'cache-fra1227-FRA',
89 silly registry.get     'x-cache': 'HIT',
89 silly registry.get     'x-cache-hits': '1',
89 silly registry.get     'x-timer': 'S1426848132.820651,VS0,VE0',
89 silly registry.get     vary: 'Accept',
89 silly registry.get     'content-length': '0',
89 silly registry.get     'keep-alive': 'timeout=10, max=50',
89 silly registry.get     connection: 'Keep-Alive' } ]
90 verbose etag https://registry.npmjs.org/grunt from cache
91 silly addNameRange number 2 { name: 'grunt', range: '>=0.4.2-0 <0.5.0-0', hasData: true }
92 silly addNameRange versions [ 'grunt',
92 silly addNameRange   [ '0.1.0',
92 silly addNameRange     '0.1.1',
92 silly addNameRange     '0.1.2',
92 silly addNameRange     '0.2.0',
92 silly addNameRange     '0.2.1',
92 silly addNameRange     '0.2.2',
92 silly addNameRange     '0.2.3',
92 silly addNameRange     '0.2.4',
92 silly addNameRange     '0.2.5',
92 silly addNameRange     '0.2.6',
92 silly addNameRange     '0.2.7',
92 silly addNameRange     '0.2.8',
92 silly addNameRange     '0.2.9',
92 silly addNameRange     '0.2.10',
92 silly addNameRange     '0.2.11',
92 silly addNameRange     '0.2.12',
92 silly addNameRange     '0.2.13',
92 silly addNameRange     '0.2.14',
92 silly addNameRange     '0.2.15',
92 silly addNameRange     '0.3.0',
92 silly addNameRange     '0.3.1',
92 silly addNameRange     '0.3.2',
92 silly addNameRange     '0.3.3',
92 silly addNameRange     '0.3.4',
92 silly addNameRange     '0.3.5',
92 silly addNameRange     '0.3.6',
92 silly addNameRange     '0.3.7',
92 silly addNameRange     '0.3.8',
92 silly addNameRange     '0.3.9',
92 silly addNameRange     '0.3.10',
92 silly addNameRange     '0.3.11',
92 silly addNameRange     '0.3.12',
92 silly addNameRange     '0.3.13',
92 silly addNameRange     '0.3.14',
92 silly addNameRange     '0.3.15',
92 silly addNameRange     '0.3.16',
92 silly addNameRange     '0.3.17',
92 silly addNameRange     '0.4.0',
92 silly addNameRange     '0.4.1',
92 silly addNameRange     '0.4.2',
92 silly addNameRange     '0.4.3',
92 silly addNameRange     '0.4.4',
92 silly addNameRange     '0.4.5',
92 silly addNameRange     '0.3.13-a',
92 silly addNameRange     '0.4.0-a',
92 silly addNameRange     '0.4.0-rc1',
92 silly addNameRange     '0.4.0-rc2',
92 silly addNameRange     '0.4.0-rc3',
92 silly addNameRange     '0.4.0-rc4',
92 silly addNameRange     '0.4.0-rc5',
92 silly addNameRange     '0.4.0-rc6',
92 silly addNameRange     '0.4.0-rc7',
92 silly addNameRange     '0.4.0-rc8' ] ]
93 verbose addNamed [ 'grunt', '0.4.5' ]
94 verbose addNamed [ '0.4.5', '0.4.5' ]
95 silly lockFile 81abf7ad-grunt-0-4-5 grunt@0.4.5
96 verbose lock grunt@0.4.5 /home/jakob/.npm/81abf7ad-grunt-0-4-5.lock
97 silly lockFile 81abf7ad-grunt-0-4-5 grunt@0.4.5
98 silly lockFile 81abf7ad-grunt-0-4-5 grunt@0.4.5
99 silly lockFile 73260332-grunt-0-4-2 grunt@~0.4.2
100 silly lockFile 73260332-grunt-0-4-2 grunt@~0.4.2
101 http 200 https://registry.npmjs.org/grunt-contrib-qunit
102 silly registry.get cb [ 200,
102 silly registry.get   { date: 'Fri, 20 Mar 2015 10:42:12 GMT',
102 silly registry.get     server: 'CouchDB/1.5.0 (Erlang OTP/R16B03)',
102 silly registry.get     etag: '"9BUBR6030XVPOA8X207C6GRX0"',
102 silly registry.get     'content-type': 'application/json',
102 silly registry.get     'cache-control': 'max-age=60',
102 silly registry.get     'content-length': '29262',
102 silly registry.get     'accept-ranges': 'bytes',
102 silly registry.get     via: '1.1 varnish',
102 silly registry.get     age: '16',
102 silly registry.get     'x-served-by': 'cache-fra1225-FRA',
102 silly registry.get     'x-cache': 'HIT',
102 silly registry.get     'x-cache-hits': '1',
102 silly registry.get     'x-timer': 'S1426848132.820897,VS0,VE0',
102 silly registry.get     vary: 'Accept',
102 silly registry.get     'keep-alive': 'timeout=10, max=50',
102 silly registry.get     connection: 'Keep-Alive' } ]
103 silly addNameRange number 2 { name: 'grunt-contrib-qunit', range: '*', hasData: true }
104 silly addNameRange versions [ 'grunt-contrib-qunit',
104 silly addNameRange   [ '0.1.0',
104 silly addNameRange     '0.1.1',
104 silly addNameRange     '0.2.0',
104 silly addNameRange     '0.2.1',
104 silly addNameRange     '0.2.2',
104 silly addNameRange     '0.3.0',
104 silly addNameRange     '0.4.0',
104 silly addNameRange     '0.5.0',
104 silly addNameRange     '0.5.1',
104 silly addNameRange     '0.5.2',
104 silly addNameRange     '0.1.1-rc5',
104 silly addNameRange     '0.1.1-rc6' ] ]
105 verbose addNamed [ 'grunt-contrib-qunit', '0.5.2' ]
106 verbose addNamed [ '0.5.2', '0.5.2' ]
107 silly lockFile e8f78576-grunt-contrib-qunit-0-5-2 grunt-contrib-qunit@0.5.2
108 verbose lock grunt-contrib-qunit@0.5.2 /home/jakob/.npm/e8f78576-grunt-contrib-qunit-0-5-2.lock
109 silly lockFile 7ea0da0f-it-grunt-contrib-qunit-0-5-2-tgz https://registry.npmjs.org/grunt-contrib-qunit/-/grunt-contrib-qunit-0.5.2.tgz
110 verbose lock https://registry.npmjs.org/grunt-contrib-qunit/-/grunt-contrib-qunit-0.5.2.tgz /home/jakob/.npm/7ea0da0f-it-grunt-contrib-qunit-0-5-2-tgz.lock
111 verbose addRemoteTarball [ 'https://registry.npmjs.org/grunt-contrib-qunit/-/grunt-contrib-qunit-0.5.2.tgz',
111 verbose addRemoteTarball   '34375497e911c10458494c0645e2cdd99a0bc05a' ]
112 http 200 https://registry.npmjs.org/grunt-contrib-watch
113 silly registry.get cb [ 200,
113 silly registry.get   { date: 'Fri, 20 Mar 2015 10:42:12 GMT',
113 silly registry.get     server: 'CouchDB/1.5.0 (Erlang OTP/R16B03)',
113 silly registry.get     etag: '"F0X5472E5WVFNBVTCF65WHK18"',
113 silly registry.get     'content-type': 'application/json',
113 silly registry.get     'cache-control': 'max-age=60',
113 silly registry.get     'content-length': '58287',
113 silly registry.get     'accept-ranges': 'bytes',
113 silly registry.get     via: '1.1 varnish',
113 silly registry.get     age: '21',
113 silly registry.get     'x-served-by': 'cache-fra1225-FRA',
113 silly registry.get     'x-cache': 'HIT',
113 silly registry.get     'x-cache-hits': '1',
113 silly registry.get     'x-timer': 'S1426848132.815939,VS0,VE0',
113 silly registry.get     vary: 'Accept',
113 silly registry.get     'keep-alive': 'timeout=10, max=50',
113 silly registry.get     connection: 'Keep-Alive' } ]
114 info retry fetch attempt 1 at 10:42:13
115 verbose fetch to= /tmp/npm-5361-UiY08nOF/registry.npmjs.org/grunt-contrib-qunit/-/grunt-contrib-qunit-0.5.2.tgz
116 http GET https://registry.npmjs.org/grunt-contrib-qunit/-/grunt-contrib-qunit-0.5.2.tgz
117 silly addNameRange number 2 { name: 'grunt-contrib-watch',
117 silly addNameRange   range: '>=0.5.3-0 <0.6.0-0',
117 silly addNameRange   hasData: true }
118 silly addNameRange versions [ 'grunt-contrib-watch',
118 silly addNameRange   [ '0.1.0',
118 silly addNameRange     '0.1.1',
118 silly addNameRange     '0.1.2',
118 silly addNameRange     '0.1.3',
118 silly addNameRange     '0.1.4',
118 silly addNameRange     '0.2.0',
118 silly addNameRange     '0.3.0',
118 silly addNameRange     '0.3.1',
118 silly addNameRange     '0.4.0',
118 silly addNameRange     '0.4.1',
118 silly addNameRange     '0.4.2',
118 silly addNameRange     '0.4.3',
118 silly addNameRange     '0.4.4',
118 silly addNameRange     '0.5.0',
118 silly addNameRange     '0.5.1',
118 silly addNameRange     '0.5.2',
118 silly addNameRange     '0.5.3',
118 silly addNameRange     '0.6.0',
118 silly addNameRange     '0.6.1',
118 silly addNameRange     '0.2.0-a',
118 silly addNameRange     '0.2.0-rc5',
118 silly addNameRange     '0.2.0-rc7' ] ]
119 verbose addNamed [ 'grunt-contrib-watch', '0.5.3' ]
120 verbose addNamed [ '0.5.3', '0.5.3' ]
121 silly lockFile d70d7cec-grunt-contrib-watch-0-5-3 grunt-contrib-watch@0.5.3
122 verbose lock grunt-contrib-watch@0.5.3 /home/jakob/.npm/d70d7cec-grunt-contrib-watch-0-5-3.lock
123 silly lockFile 5dca6013-ch-grunt-contrib-watch-0-5-3-tgz https://registry.npmjs.org/grunt-contrib-watch/-/grunt-contrib-watch-0.5.3.tgz
124 verbose lock https://registry.npmjs.org/grunt-contrib-watch/-/grunt-contrib-watch-0.5.3.tgz /home/jakob/.npm/5dca6013-ch-grunt-contrib-watch-0-5-3-tgz.lock
125 verbose addRemoteTarball [ 'https://registry.npmjs.org/grunt-contrib-watch/-/grunt-contrib-watch-0.5.3.tgz',
125 verbose addRemoteTarball   '7d9eb5465d506fa14faaca47e6e8790a82c1c9ee' ]
126 info retry fetch attempt 1 at 10:42:13
127 verbose fetch to= /tmp/npm-5361-UiY08nOF/registry.npmjs.org/grunt-contrib-watch/-/grunt-contrib-watch-0.5.3.tgz
128 http GET https://registry.npmjs.org/grunt-contrib-watch/-/grunt-contrib-watch-0.5.3.tgz
129 http 200 https://registry.npmjs.org/grunt-contrib-jshint
130 silly registry.get cb [ 200,
130 silly registry.get   { date: 'Fri, 20 Mar 2015 10:42:12 GMT',
130 silly registry.get     server: 'CouchDB/1.5.0 (Erlang OTP/R16B03)',
130 silly registry.get     etag: '"BBOIEI1XB21FX10E0U8KXE1Q6"',
130 silly registry.get     'content-type': 'application/json',
130 silly registry.get     'cache-control': 'max-age=60',
130 silly registry.get     'content-length': '54166',
130 silly registry.get     'accept-ranges': 'bytes',
130 silly registry.get     via: '1.1 varnish',
130 silly registry.get     age: '22',
130 silly registry.get     'x-served-by': 'cache-fra1237-FRA',
130 silly registry.get     'x-cache': 'HIT',
130 silly registry.get     'x-cache-hits': '1',
130 silly registry.get     'x-timer': 'S1426848132.829685,VS0,VE0',
130 silly registry.get     vary: 'Accept',
130 silly registry.get     'keep-alive': 'timeout=10, max=50',
130 silly registry.get     connection: 'Keep-Alive' } ]
131 silly addNameRange number 2 { name: 'grunt-contrib-jshint',
131 silly addNameRange   range: '>=0.7.2-0 <0.8.0-0',
131 silly addNameRange   hasData: true }
132 silly addNameRange versions [ 'grunt-contrib-jshint',
132 silly addNameRange   [ '0.1.0',
132 silly addNameRange     '0.1.1',
132 silly addNameRange     '0.2.0',
132 silly addNameRange     '0.3.0',
132 silly addNameRange     '0.4.0',
132 silly addNameRange     '0.4.1',
132 silly addNameRange     '0.4.2',
132 silly addNameRange     '0.4.3',
132 silly addNameRange     '0.5.0',
132 silly addNameRange     '0.5.1',
132 silly addNameRange     '0.5.2',
132 silly addNameRange     '0.5.3',
132 silly addNameRange     '0.5.4',
132 silly addNameRange     '0.6.0',
132 silly addNameRange     '0.6.1',
132 silly addNameRange     '0.6.2',
132 silly addNameRange     '0.6.3',
132 silly addNameRange     '0.6.4',
132 silly addNameRange     '0.6.5',
132 silly addNameRange     '0.7.0',
132 silly addNameRange     '0.7.1',
132 silly addNameRange     '0.7.2',
132 silly addNameRange     '0.8.0',
132 silly addNameRange     '0.9.0',
132 silly addNameRange     '0.9.1',
132 silly addNameRange     '0.9.2',
132 silly addNameRange     '0.10.0',
132 silly addNameRange     '0.11.0',
132 silly addNameRange     '0.1.1-rc5',
132 silly addNameRange     '0.1.1-rc6' ] ]
133 verbose addNamed [ 'grunt-contrib-jshint', '0.7.2' ]
134 verbose addNamed [ '0.7.2', '0.7.2' ]
135 silly lockFile ee270f24-grunt-contrib-jshint-0-7-2 grunt-contrib-jshint@0.7.2
136 verbose lock grunt-contrib-jshint@0.7.2 /home/jakob/.npm/ee270f24-grunt-contrib-jshint-0-7-2.lock
137 silly lockFile f0eee136-t-grunt-contrib-jshint-0-7-2-tgz https://registry.npmjs.org/grunt-contrib-jshint/-/grunt-contrib-jshint-0.7.2.tgz
138 verbose lock https://registry.npmjs.org/grunt-contrib-jshint/-/grunt-contrib-jshint-0.7.2.tgz /home/jakob/.npm/f0eee136-t-grunt-contrib-jshint-0-7-2-tgz.lock
139 verbose addRemoteTarball [ 'https://registry.npmjs.org/grunt-contrib-jshint/-/grunt-contrib-jshint-0.7.2.tgz',
139 verbose addRemoteTarball   '29859ddcf42e7f6c54c43fe75da3c4bd90384a8e' ]
140 info retry fetch attempt 1 at 10:42:13
141 verbose fetch to= /tmp/npm-5361-UiY08nOF/registry.npmjs.org/grunt-contrib-jshint/-/grunt-contrib-jshint-0.7.2.tgz
142 http GET https://registry.npmjs.org/grunt-contrib-jshint/-/grunt-contrib-jshint-0.7.2.tgz
143 http 200 https://registry.npmjs.org/grunt-contrib-qunit/-/grunt-contrib-qunit-0.5.2.tgz
144 http 200 https://registry.npmjs.org/grunt-contrib-watch/-/grunt-contrib-watch-0.5.3.tgz
145 silly lockFile 7ea0da0f-it-grunt-contrib-qunit-0-5-2-tgz https://registry.npmjs.org/grunt-contrib-qunit/-/grunt-contrib-qunit-0.5.2.tgz
146 silly lockFile 7ea0da0f-it-grunt-contrib-qunit-0-5-2-tgz https://registry.npmjs.org/grunt-contrib-qunit/-/grunt-contrib-qunit-0.5.2.tgz
147 silly lockFile e8f78576-grunt-contrib-qunit-0-5-2 grunt-contrib-qunit@0.5.2
148 silly lockFile e8f78576-grunt-contrib-qunit-0-5-2 grunt-contrib-qunit@0.5.2
149 silly lockFile c43571c7-grunt-contrib-qunit grunt-contrib-qunit@*
150 silly lockFile c43571c7-grunt-contrib-qunit grunt-contrib-qunit@*
151 http 200 https://registry.npmjs.org/grunt-contrib-jshint/-/grunt-contrib-jshint-0.7.2.tgz
152 silly lockFile 5dca6013-ch-grunt-contrib-watch-0-5-3-tgz https://registry.npmjs.org/grunt-contrib-watch/-/grunt-contrib-watch-0.5.3.tgz
153 silly lockFile 5dca6013-ch-grunt-contrib-watch-0-5-3-tgz https://registry.npmjs.org/grunt-contrib-watch/-/grunt-contrib-watch-0.5.3.tgz
154 silly lockFile d70d7cec-grunt-contrib-watch-0-5-3 grunt-contrib-watch@0.5.3
155 silly lockFile d70d7cec-grunt-contrib-watch-0-5-3 grunt-contrib-watch@0.5.3
156 silly lockFile b469febc-grunt-contrib-watch-0-5-3 grunt-contrib-watch@~0.5.3
157 silly lockFile b469febc-grunt-contrib-watch-0-5-3 grunt-contrib-watch@~0.5.3
158 silly lockFile f0eee136-t-grunt-contrib-jshint-0-7-2-tgz https://registry.npmjs.org/grunt-contrib-jshint/-/grunt-contrib-jshint-0.7.2.tgz
159 silly lockFile f0eee136-t-grunt-contrib-jshint-0-7-2-tgz https://registry.npmjs.org/grunt-contrib-jshint/-/grunt-contrib-jshint-0.7.2.tgz
160 silly lockFile ee270f24-grunt-contrib-jshint-0-7-2 grunt-contrib-jshint@0.7.2
161 silly lockFile ee270f24-grunt-contrib-jshint-0-7-2 grunt-contrib-jshint@0.7.2
162 silly lockFile 31601194-grunt-contrib-jshint-0-7-2 grunt-contrib-jshint@~0.7.2
163 silly lockFile 31601194-grunt-contrib-jshint-0-7-2 grunt-contrib-jshint@~0.7.2
164 error Error: EACCES, mkdir '/home/jakob/.npm/grunt-contrib-watch/0.5.3'
164 error  { [Error: EACCES, mkdir '/home/jakob/.npm/grunt-contrib-watch/0.5.3']
164 error   errno: 3,
164 error   code: 'EACCES',
164 error   path: '/home/jakob/.npm/grunt-contrib-watch/0.5.3',
164 error   parent: 'html5-boilerplate' }
165 error Please try running this command again as root/Administrator.
166 error System Linux 3.13.0-35-generic
167 error command "/usr/bin/node" "/usr/bin/npm" "install"
168 error cwd /home/jakob/Skoli/Graffisk/Loka/infographic/html5-boilerplate
169 error node -v v0.10.33
170 error npm -v 1.4.28
171 error path /home/jakob/.npm/grunt-contrib-watch/0.5.3
172 error code EACCES
173 error errno 3
174 error stack Error: EACCES, mkdir '/home/jakob/.npm/grunt-contrib-watch/0.5.3'
175 verbose exit [ 3, true ]
